2015-04-28 14:27:17,548 INFO org.apache.hadoop.hdfs.server.namenode.NameNode: STARTUP_MSG: 
/************************************************************
STARTUP_MSG: Starting NameNode
STARTUP_MSG:   host = d16n02.ccr.buffalo.edu/10.104.16.2
STARTUP_MSG:   args = []
STARTUP_MSG:   version = 2.5.1
STARTUP_MSG:   classpath = /gpfs/courses/cse587/spring2015/students/vishwass/hw3/pig/config-3793887:/gpfs/util/academic/hadoop/hadoop-2.5.1_java-1.7/share/hadoop/common/lib/snappy-java-1.0.4.1.jar:/gpfs/util/academic/hadoop/hadoop-2.5.1_java-1.7/share/hadoop/common/lib/commons-beanutils-1.7.0.jar:/gpfs/util/academic/hadoop/hadoop-2.5.1_java-1.7/share/hadoop/common/lib/jsp-api-2.1.jar:/gpfs/util/academic/hadoop/hadoop-2.5.1_java-1.7/share/hadoop/common/lib/commons-logging-1.1.3.jar:/gpfs/util/academic/hadoop/hadoop-2.5.1_java-1.7/share/hadoop/common/lib/protobuf-java-2.5.0.jar:/gpfs/util/academic/hadoop/hadoop-2.5.1_java-1.7/share/hadoop/common/lib/xmlenc-0.52.jar:/gpfs/util/academic/hadoop/hadoop-2.5.1_java-1.7/share/hadoop/common/lib/jsch-0.1.42.jar:/gpfs/util/academic/hadoop/hadoop-2.5.1_java-1.7/share/hadoop/common/lib/jersey-server-1.9.jar:/gpfs/util/academic/hadoop/hadoop-2.5.1_java-1.7/share/hadoop/common/lib/slf4j-api-1.7.5.jar:/gpfs/util/academic/hadoop/hadoop-2.5.1_java-1.7/share/hadoop/common/lib/commons-net-3.1.jar:/gpfs/util/academic/hadoop/hadoop-2.5.1_java-1.7/share/hadoop/common/lib/jetty-util-6.1.26.jar:/gpfs/util/academic/hadoop/hadoop-2.5.1_java-1.7/share/hadoop/common/lib/activation-1.1.jar:/gpfs/util/academic/hadoop/hadoop-2.5.1_java-1.7/share/hadoop/common/lib/jackson-mapper-asl-1.9.13.jar:/gpfs/util/academic/hadoop/hadoop-2.5.1_java-1.7/share/hadoop/common/lib/jersey-json-1.9.jar:/gpfs/util/academic/hadoop/hadoop-2.5.1_java-1.7/share/hadoop/common/lib/commons-collections-3.2.1.jar:/gpfs/util/academic/hadoop/hadoop-2.5.1_java-1.7/share/hadoop/common/lib/jackson-xc-1.9.13.jar:/gpfs/util/academic/hadoop/hadoop-2.5.1_java-1.7/share/hadoop/common/lib/jets3t-0.9.0.jar:/gpfs/util/academic/hadoop/hadoop-2.5.1_java-1.7/share/hadoop/common/lib/commons-beanutils-core-1.8.0.jar:/gpfs/util/academic/hadoop/hadoop-2.5.1_java-1.7/share/hadoop/common/lib/hadoop-annotations-2.5.1.jar:/gpfs/util/academic/hadoop/hadoop-2.5.1_java-1.7/share/hadoop/common/lib/java-xmlbuilder-0.4.jar:/gpfs/util/academic/hadoop/hadoop-2.5.1_java-1.7/share/hadoop/common/lib/paranamer-2.3.jar:/gpfs/util/academic/hadoop/hadoop-2.5.1_java-1.7/share/hadoop/common/lib/hadoop-auth-2.5.1.jar:/gpfs/util/academic/hadoop/hadoop-2.5.1_java-1.7/share/hadoop/common/lib/jsr305-1.3.9.jar:/gpfs/util/academic/hadoop/hadoop-2.5.1_java-1.7/share/hadoop/common/lib/jettison-1.1.jar:/gpfs/util/academic/hadoop/hadoop-2.5.1_java-1.7/share/hadoop/common/lib/commons-codec-1.4.jar:/gpfs/util/academic/hadoop/hadoop-2.5.1_java-1.7/share/hadoop/common/lib/stax-api-1.0-2.jar:/gpfs/util/academic/hadoop/hadoop-2.5.1_java-1.7/share/hadoop/common/lib/zookeeper-3.4.6.jar:/gpfs/util/academic/hadoop/hadoop-2.5.1_java-1.7/share/hadoop/common/lib/mockito-all-1.8.5.jar:/gpfs/util/academic/hadoop/hadoop-2.5.1_java-1.7/share/hadoop/common/lib/asm-3.2.jar:/gpfs/util/academic/hadoop/hadoop-2.5.1_java-1.7/share/hadoop/common/lib/xz-1.0.jar:/gpfs/util/academic/hadoop/hadoop-2.5.1_java-1.7/share/hadoop/common/lib/commons-digester-1.8.jar:/gpfs/util/academic/hadoop/hadoop-2.5.1_java-1.7/share/hadoop/common/lib/jersey-core-1.9.jar:/gpfs/util/academic/hadoop/hadoop-2.5.1_java-1.7/share/hadoop/common/lib/commons-compress-1.4.1.jar:/gpfs/util/academic/hadoop/hadoop-2.5.1_java-1.7/share/hadoop/common/lib/httpclient-4.2.5.jar:/gpfs/util/academic/hadoop/hadoop-2.5.1_java-1.7/share/hadoop/common/lib/commons-cli-1.2.jar:/gpfs/util/academic/hadoop/hadoop-2.5.1_java-1.7/share/hadoop/common/lib/api-asn1-api-1.0.0-M20.jar:/gpfs/util/academic/hadoop/hadoop-2.5.1_java-1.7/share/hadoop/common/lib/jackson-jaxrs-1.9.13.jar:/gpfs/util/academic/hadoop/hadoop-2.5.1_java-1.7/share/hadoop/common/lib/avro-1.7.4.jar:/gpfs/util/academic/hadoop/hadoop-2.5.1_java-1.7/share/hadoop/common/lib/commons-math3-3.1.1.jar:/gpfs/util/academic/hadoop/hadoop-2.5.1_java-1.7/share/hadoop/common/lib/netty-3.6.2.Final.jar:/gpfs/util/academic/hadoop/hadoop-2.5.1_java-1.7/share/hadoop/common/lib/junit-4.11.jar:/gpfs/util/academic/hadoop/hadoop-2.5.1_java-1.7/share/hadoop/common/lib/servlet-api-2.5.jar:/gpfs/util/academic/hadoop/hadoop-2.5.1_java-1.7/share/hadoop/common/lib/apacheds-kerberos-codec-2.0.0-M15.jar:/gpfs/util/academic/hadoop/hadoop-2.5.1_java-1.7/share/hadoop/common/lib/slf4j-log4j12-1.7.5.jar:/gpfs/util/academic/hadoop/hadoop-2.5.1_java-1.7/share/hadoop/common/lib/commons-lang-2.6.jar:/gpfs/util/academic/hadoop/hadoop-2.5.1_java-1.7/share/hadoop/common/lib/commons-configuration-1.6.jar:/gpfs/util/academic/hadoop/hadoop-2.5.1_java-1.7/share/hadoop/common/lib/jaxb-api-2.2.2.jar:/gpfs/util/academic/hadoop/hadoop-2.5.1_java-1.7/share/hadoop/common/lib/commons-httpclient-3.1.jar:/gpfs/util/academic/hadoop/hadoop-2.5.1_java-1.7/share/hadoop/common/lib/commons-el-1.0.jar:/gpfs/util/academic/hadoop/hadoop-2.5.1_java-1.7/share/hadoop/common/lib/jasper-runtime-5.5.23.jar:/gpfs/util/academic/hadoop/hadoop-2.5.1_java-1.7/share/hadoop/common/lib/guava-11.0.2.jar:/gpfs/util/academic/hadoop/hadoop-2.5.1_java-1.7/share/hadoop/common/lib/httpcore-4.2.5.jar:/gpfs/util/academic/hadoop/hadoop-2.5.1_java-1.7/share/hadoop/common/lib/jaxb-impl-2.2.3-1.jar:/gpfs/util/academic/hadoop/hadoop-2.5.1_java-1.7/share/hadoop/common/lib/api-util-1.0.0-M20.jar:/gpfs/util/academic/hadoop/hadoop-2.5.1_java-1.7/share/hadoop/common/lib/apacheds-i18n-2.0.0-M15.jar:/gpfs/util/academic/hadoop/hadoop-2.5.1_java-1.7/share/hadoop/common/lib/jasper-compiler-5.5.23.jar:/gpfs/util/academic/hadoop/hadoop-2.5.1_java-1.7/share/hadoop/common/lib/jetty-6.1.26.jar:/gpfs/util/academic/hadoop/hadoop-2.5.1_java-1.7/share/hadoop/common/lib/hamcrest-core-1.3.jar:/gpfs/util/academic/hadoop/hadoop-2.5.1_java-1.7/share/hadoop/common/lib/commons-io-2.4.jar:/gpfs/util/academic/hadoop/hadoop-2.5.1_java-1.7/share/hadoop/common/lib/log4j-1.2.17.jar:/gpfs/util/academic/hadoop/hadoop-2.5.1_java-1.7/share/hadoop/common/lib/jackson-core-asl-1.9.13.jar:/gpfs/util/academic/hadoop/hadoop-2.5.1_java-1.7/share/hadoop/common/hadoop-nfs-2.5.1.jar:/gpfs/util/academic/hadoop/hadoop-2.5.1_java-1.7/share/hadoop/common/hadoop-common-2.5.1-tests.jar:/gpfs/util/academic/hadoop/hadoop-2.5.1_java-1.7/share/hadoop/common/hadoop-common-2.5.1.jar:/gpfs/util/academic/hadoop/hadoop-2.5.1_java-1.7/share/hadoop/hdfs:/gpfs/util/academic/hadoop/hadoop-2.5.1_java-1.7/share/hadoop/hdfs/lib/jsp-api-2.1.jar:/gpfs/util/academic/hadoop/hadoop-2.5.1_java-1.7/share/hadoop/hdfs/lib/commons-logging-1.1.3.jar:/gpfs/util/academic/hadoop/hadoop-2.5.1_java-1.7/share/hadoop/hdfs/lib/protobuf-java-2.5.0.jar:/gpfs/util/academic/hadoop/hadoop-2.5.1_java-1.7/share/hadoop/hdfs/lib/xmlenc-0.52.jar:/gpfs/util/academic/hadoop/hadoop-2.5.1_java-1.7/share/hadoop/hdfs/lib/jersey-server-1.9.jar:/gpfs/util/academic/hadoop/hadoop-2.5.1_java-1.7/share/hadoop/hdfs/lib/jetty-util-6.1.26.jar:/gpfs/util/academic/hadoop/hadoop-2.5.1_java-1.7/share/hadoop/hdfs/lib/jackson-mapper-asl-1.9.13.jar:/gpfs/util/academic/hadoop/hadoop-2.5.1_java-1.7/share/hadoop/hdfs/lib/jsr305-1.3.9.jar:/gpfs/util/academic/hadoop/hadoop-2.5.1_java-1.7/share/hadoop/hdfs/lib/commons-codec-1.4.jar:/gpfs/util/academic/hadoop/hadoop-2.5.1_java-1.7/share/hadoop/hdfs/lib/asm-3.2.jar:/gpfs/util/academic/hadoop/hadoop-2.5.1_java-1.7/share/hadoop/hdfs/lib/jersey-core-1.9.jar:/gpfs/util/academic/hadoop/hadoop-2.5.1_java-1.7/share/hadoop/hdfs/lib/commons-daemon-1.0.13.jar:/gpfs/util/academic/hadoop/hadoop-2.5.1_java-1.7/share/hadoop/hdfs/lib/commons-cli-1.2.jar:/gpfs/util/academic/hadoop/hadoop-2.5.1_java-1.7/share/hadoop/hdfs/lib/netty-3.6.2.Final.jar:/gpfs/util/academic/hadoop/hadoop-2.5.1_java-1.7/share/hadoop/hdfs/lib/servlet-api-2.5.jar:/gpfs/util/academic/hadoop/hadoop-2.5.1_java-1.7/share/hadoop/hdfs/lib/commons-lang-2.6.jar:/gpfs/util/academic/hadoop/hadoop-2.5.1_java-1.7/share/hadoop/hdfs/lib/commons-el-1.0.jar:/gpfs/util/academic/hadoop/hadoop-2.5.1_java-1.7/share/hadoop/hdfs/lib/jasper-runtime-5.5.23.jar:/gpfs/util/academic/hadoop/hadoop-2.5.1_java-1.7/share/hadoop/hdfs/lib/guava-11.0.2.jar:/gpfs/util/academic/hadoop/hadoop-2.5.1_java-1.7/share/hadoop/hdfs/lib/jetty-6.1.26.jar:/gpfs/util/academic/hadoop/hadoop-2.5.1_java-1.7/share/hadoop/hdfs/lib/commons-io-2.4.jar:/gpfs/util/academic/hadoop/hadoop-2.5.1_java-1.7/share/hadoop/hdfs/lib/log4j-1.2.17.jar:/gpfs/util/academic/hadoop/hadoop-2.5.1_java-1.7/share/hadoop/hdfs/lib/jackson-core-asl-1.9.13.jar:/gpfs/util/academic/hadoop/hadoop-2.5.1_java-1.7/share/hadoop/hdfs/hadoop-hdfs-nfs-2.5.1.jar:/gpfs/util/academic/hadoop/hadoop-2.5.1_java-1.7/share/hadoop/hdfs/hadoop-hdfs-2.5.1-tests.jar:/gpfs/util/academic/hadoop/hadoop-2.5.1_java-1.7/share/hadoop/hdfs/hadoop-hdfs-2.5.1.jar:/gpfs/util/academic/hadoop/hadoop-2.5.1_java-1.7/share/hadoop/yarn/lib/jersey-client-1.9.jar:/gpfs/util/academic/hadoop/hadoop-2.5.1_java-1.7/share/hadoop/yarn/lib/commons-logging-1.1.3.jar:/gpfs/util/academic/hadoop/hadoop-2.5.1_java-1.7/share/hadoop/yarn/lib/protobuf-java-2.5.0.jar:/gpfs/util/academic/hadoop/hadoop-2.5.1_java-1.7/share/hadoop/yarn/lib/jersey-server-1.9.jar:/gpfs/util/academic/hadoop/hadoop-2.5.1_java-1.7/share/hadoop/yarn/lib/jetty-util-6.1.26.jar:/gpfs/util/academic/hadoop/hadoop-2.5.1_java-1.7/share/hadoop/yarn/lib/activation-1.1.jar:/gpfs/util/academic/hadoop/hadoop-2.5.1_java-1.7/share/hadoop/yarn/lib/jackson-mapper-asl-1.9.13.jar:/gpfs/util/academic/hadoop/hadoop-2.5.1_java-1.7/share/hadoop/yarn/lib/jersey-json-1.9.jar:/gpfs/util/academic/hadoop/hadoop-2.5.1_java-1.7/share/hadoop/yarn/lib/commons-collections-3.2.1.jar:/gpfs/util/academic/hadoop/hadoop-2.5.1_java-1.7/share/hadoop/yarn/lib/jackson-xc-1.9.13.jar:/gpfs/util/academic/hadoop/hadoop-2.5.1_java-1.7/share/hadoop/yarn/lib/jsr305-1.3.9.jar:/gpfs/util/academic/hadoop/hadoop-2.5.1_java-1.7/share/hadoop/yarn/lib/jettison-1.1.jar:/gpfs/util/academic/hadoop/hadoop-2.5.1_java-1.7/share/hadoop/yarn/lib/commons-codec-1.4.jar:/gpfs/util/academic/hadoop/hadoop-2.5.1_java-1.7/share/hadoop/yarn/lib/stax-api-1.0-2.jar:/gpfs/util/academic/hadoop/hadoop-2.5.1_java-1.7/share/hadoop/yarn/lib/javax.inject-1.jar:/gpfs/util/academic/hadoop/hadoop-2.5.1_java-1.7/share/hadoop/yarn/lib/zookeeper-3.4.6.jar:/gpfs/util/academic/hadoop/hadoop-2.5.1_java-1.7/share/hadoop/yarn/lib/asm-3.2.jar:/gpfs/util/academic/hadoop/hadoop-2.5.1_java-1.7/share/hadoop/yarn/lib/xz-1.0.jar:/gpfs/util/academic/hadoop/hadoop-2.5.1_java-1.7/share/hadoop/yarn/lib/jersey-core-1.9.jar:/gpfs/util/academic/hadoop/hadoop-2.5.1_java-1.7/share/hadoop/yarn/lib/commons-compress-1.4.1.jar:/gpfs/util/academic/hadoop/hadoop-2.5.1_java-1.7/share/hadoop/yarn/lib/commons-cli-1.2.jar:/gpfs/util/academic/hadoop/hadoop-2.5.1_java-1.7/share/hadoop/yarn/lib/jersey-guice-1.9.jar:/gpfs/util/academic/hadoop/hadoop-2.5.1_java-1.7/share/hadoop/yarn/lib/leveldbjni-all-1.8.jar:/gpfs/util/academic/hadoop/hadoop-2.5.1_java-1.7/share/hadoop/yarn/lib/jackson-jaxrs-1.9.13.jar:/gpfs/util/academic/hadoop/hadoop-2.5.1_java-1.7/share/hadoop/yarn/lib/netty-3.6.2.Final.jar:/gpfs/util/academic/hadoop/hadoop-2.5.1_java-1.7/share/hadoop/yarn/lib/servlet-api-2.5.jar:/gpfs/util/academic/hadoop/hadoop-2.5.1_java-1.7/share/hadoop/yarn/lib/aopalliance-1.0.jar:/gpfs/util/academic/hadoop/hadoop-2.5.1_java-1.7/share/hadoop/yarn/lib/commons-lang-2.6.jar:/gpfs/util/academic/hadoop/hadoop-2.5.1_java-1.7/share/hadoop/yarn/lib/guice-3.0.jar:/gpfs/util/academic/hadoop/hadoop-2.5.1_java-1.7/share/hadoop/yarn/lib/jaxb-api-2.2.2.jar:/gpfs/util/academic/hadoop/hadoop-2.5.1_java-1.7/share/hadoop/yarn/lib/commons-httpclient-3.1.jar:/gpfs/util/academic/hadoop/hadoop-2.5.1_java-1.7/share/hadoop/yarn/lib/guava-11.0.2.jar:/gpfs/util/academic/hadoop/hadoop-2.5.1_java-1.7/share/hadoop/yarn/lib/jaxb-impl-2.2.3-1.jar:/gpfs/util/academic/hadoop/hadoop-2.5.1_java-1.7/share/hadoop/yarn/lib/jetty-6.1.26.jar:/gpfs/util/academic/hadoop/hadoop-2.5.1_java-1.7/share/hadoop/yarn/lib/commons-io-2.4.jar:/gpfs/util/academic/hadoop/hadoop-2.5.1_java-1.7/share/hadoop/yarn/lib/log4j-1.2.17.jar:/gpfs/util/academic/hadoop/hadoop-2.5.1_java-1.7/share/hadoop/yarn/lib/jline-0.9.94.jar:/gpfs/util/academic/hadoop/hadoop-2.5.1_java-1.7/share/hadoop/yarn/lib/guice-servlet-3.0.jar:/gpfs/util/academic/hadoop/hadoop-2.5.1_java-1.7/share/hadoop/yarn/lib/jackson-core-asl-1.9.13.jar:/gpfs/util/academic/hadoop/hadoop-2.5.1_java-1.7/share/hadoop/yarn/hadoop-yarn-applications-distributedshell-2.5.1.jar:/gpfs/util/academic/hadoop/hadoop-2.5.1_java-1.7/share/hadoop/yarn/hadoop-yarn-server-nodemanager-2.5.1.jar:/gpfs/util/academic/hadoop/hadoop-2.5.1_java-1.7/share/hadoop/yarn/hadoop-yarn-server-common-2.5.1.jar:/gpfs/util/academic/hadoop/hadoop-2.5.1_java-1.7/share/hadoop/yarn/hadoop-yarn-server-tests-2.5.1.jar:/gpfs/util/academic/hadoop/hadoop-2.5.1_java-1.7/share/hadoop/yarn/hadoop-yarn-server-applicationhistoryservice-2.5.1.jar:/gpfs/util/academic/hadoop/hadoop-2.5.1_java-1.7/share/hadoop/yarn/hadoop-yarn-applications-unmanaged-am-launcher-2.5.1.jar:/gpfs/util/academic/hadoop/hadoop-2.5.1_java-1.7/share/hadoop/yarn/hadoop-yarn-server-resourcemanager-2.5.1.jar:/gpfs/util/academic/hadoop/hadoop-2.5.1_java-1.7/share/hadoop/yarn/hadoop-yarn-common-2.5.1.jar:/gpfs/util/academic/hadoop/hadoop-2.5.1_java-1.7/share/hadoop/yarn/hadoop-yarn-client-2.5.1.jar:/gpfs/util/academic/hadoop/hadoop-2.5.1_java-1.7/share/hadoop/yarn/hadoop-yarn-server-web-proxy-2.5.1.jar:/gpfs/util/academic/hadoop/hadoop-2.5.1_java-1.7/share/hadoop/yarn/hadoop-yarn-api-2.5.1.jar:/gpfs/util/academic/hadoop/hadoop-2.5.1_java-1.7/share/hadoop/mapreduce/lib/snappy-java-1.0.4.1.jar:/gpfs/util/academic/hadoop/hadoop-2.5.1_java-1.7/share/hadoop/mapreduce/lib/protobuf-java-2.5.0.jar:/gpfs/util/academic/hadoop/hadoop-2.5.1_java-1.7/share/hadoop/mapreduce/lib/jersey-server-1.9.jar:/gpfs/util/academic/hadoop/hadoop-2.5.1_java-1.7/share/hadoop/mapreduce/lib/jackson-mapper-asl-1.9.13.jar:/gpfs/util/academic/hadoop/hadoop-2.5.1_java-1.7/share/hadoop/mapreduce/lib/hadoop-annotations-2.5.1.jar:/gpfs/util/academic/hadoop/hadoop-2.5.1_java-1.7/share/hadoop/mapreduce/lib/paranamer-2.3.jar:/gpfs/util/academic/hadoop/hadoop-2.5.1_java-1.7/share/hadoop/mapreduce/lib/javax.inject-1.jar:/gpfs/util/academic/hadoop/hadoop-2.5.1_java-1.7/share/hadoop/mapreduce/lib/asm-3.2.jar:/gpfs/util/academic/hadoop/hadoop-2.5.1_java-1.7/share/hadoop/mapreduce/lib/xz-1.0.jar:/gpfs/util/academic/hadoop/hadoop-2.5.1_java-1.7/share/hadoop/mapreduce/lib/jersey-core-1.9.jar:/gpfs/util/academic/hadoop/hadoop-2.5.1_java-1.7/share/hadoop/mapreduce/lib/commons-compress-1.4.1.jar:/gpfs/util/academic/hadoop/hadoop-2.5.1_java-1.7/share/hadoop/mapreduce/lib/jersey-guice-1.9.jar:/gpfs/util/academic/hadoop/hadoop-2.5.1_java-1.7/share/hadoop/mapreduce/lib/leveldbjni-all-1.8.jar:/gpfs/util/academic/hadoop/hadoop-2.5.1_java-1.7/share/hadoop/mapreduce/lib/avro-1.7.4.jar:/gpfs/util/academic/hadoop/hadoop-2.5.1_java-1.7/share/hadoop/mapreduce/lib/netty-3.6.2.Final.jar:/gpfs/util/academic/hadoop/hadoop-2.5.1_java-1.7/share/hadoop/mapreduce/lib/junit-4.11.jar:/gpfs/util/academic/hadoop/hadoop-2.5.1_java-1.7/share/hadoop/mapreduce/lib/aopalliance-1.0.jar:/gpfs/util/academic/hadoop/hadoop-2.5.1_java-1.7/share/hadoop/mapreduce/lib/guice-3.0.jar:/gpfs/util/academic/hadoop/hadoop-2.5.1_java-1.7/share/hadoop/mapreduce/lib/hamcrest-core-1.3.jar:/gpfs/util/academic/hadoop/hadoop-2.5.1_java-1.7/share/hadoop/mapreduce/lib/commons-io-2.4.jar:/gpfs/util/academic/hadoop/hadoop-2.5.1_java-1.7/share/hadoop/mapreduce/lib/log4j-1.2.17.jar:/gpfs/util/academic/hadoop/hadoop-2.5.1_java-1.7/share/hadoop/mapreduce/lib/guice-servlet-3.0.jar:/gpfs/util/academic/hadoop/hadoop-2.5.1_java-1.7/share/hadoop/mapreduce/lib/jackson-core-asl-1.9.13.jar:/gpfs/util/academic/hadoop/hadoop-2.5.1_java-1.7/share/hadoop/mapreduce/hadoop-mapreduce-client-core-2.5.1.jar:/gpfs/util/academic/hadoop/hadoop-2.5.1_java-1.7/share/hadoop/mapreduce/hadoop-mapreduce-client-app-2.5.1.jar:/gpfs/util/academic/hadoop/hadoop-2.5.1_java-1.7/share/hadoop/mapreduce/hadoop-mapreduce-client-hs-2.5.1.jar:/gpfs/util/academic/hadoop/hadoop-2.5.1_java-1.7/share/hadoop/mapreduce/hadoop-mapreduce-client-common-2.5.1.jar:/gpfs/util/academic/hadoop/hadoop-2.5.1_java-1.7/share/hadoop/mapreduce/hadoop-mapreduce-client-jobclient-2.5.1.jar:/gpfs/util/academic/hadoop/hadoop-2.5.1_java-1.7/share/hadoop/mapreduce/hadoop-mapreduce-client-hs-plugins-2.5.1.jar:/gpfs/util/academic/hadoop/hadoop-2.5.1_java-1.7/share/hadoop/mapreduce/hadoop-mapreduce-examples-2.5.1.jar:/gpfs/util/academic/hadoop/hadoop-2.5.1_java-1.7/share/hadoop/mapreduce/hadoop-mapreduce-client-jobclient-2.5.1-tests.jar:/gpfs/util/academic/hadoop/hadoop-2.5.1_java-1.7/share/hadoop/mapreduce/hadoop-mapreduce-client-shuffle-2.5.1.jar:/contrib/capacity-scheduler/*.jar:/contrib/capacity-scheduler/*.jar:/contrib/capacity-scheduler/*.jar
STARTUP_MSG:   build = https://git-wip-us.apache.org/repos/asf/hadoop.git -r 2e18d179e4a8065b6a9f29cf2de9451891265cce; compiled by 'jenkins' on 2014-09-05T23:11Z
STARTUP_MSG:   java = 1.7.0_25
************************************************************/
2015-04-28 14:27:17,559 INFO org.apache.hadoop.hdfs.server.namenode.NameNode: registered UNIX signal handlers for [TERM, HUP, INT]
2015-04-28 14:27:17,563 INFO org.apache.hadoop.hdfs.server.namenode.NameNode: createNameNode []
2015-04-28 14:27:17,854 INFO org.apache.hadoop.metrics2.impl.MetricsConfig: loaded properties from hadoop-metrics2.properties
2015-04-28 14:27:17,976 INFO org.apache.hadoop.metrics2.impl.MetricsSystemImpl: Scheduled snapshot period at 10 second(s).
2015-04-28 14:27:17,977 INFO org.apache.hadoop.metrics2.impl.MetricsSystemImpl: NameNode metrics system started
2015-04-28 14:27:17,979 INFO org.apache.hadoop.hdfs.server.namenode.NameNode: fs.defaultFS is hdfs://d16n02:54310
2015-04-28 14:27:17,980 INFO org.apache.hadoop.hdfs.server.namenode.NameNode: Clients are to use d16n02:54310 to access this namenode/service.
2015-04-28 14:27:18,120 WARN org.apache.hadoop.util.NativeCodeLoader: Unable to load native-hadoop library for your platform... using builtin-java classes where applicable
2015-04-28 14:27:18,299 INFO org.apache.hadoop.hdfs.DFSUtil: Starting web server as: ${dfs.web.authentication.kerberos.principal}
2015-04-28 14:27:18,299 INFO org.apache.hadoop.hdfs.DFSUtil: Starting Web-server for hdfs at: http://0.0.0.0:50070
2015-04-28 14:27:18,356 INFO org.mortbay.log: Logging to org.slf4j.impl.Log4jLoggerAdapter(org.mortbay.log) via org.mortbay.log.Slf4jLog
2015-04-28 14:27:18,360 INFO org.apache.hadoop.http.HttpRequestLog: Http request log for http.requests.namenode is not defined
2015-04-28 14:27:18,373 INFO org.apache.hadoop.http.HttpServer2: Added global filter 'safety' (class=org.apache.hadoop.http.HttpServer2$QuotingInputFilter)
2015-04-28 14:27:18,377 INFO org.apache.hadoop.http.HttpServer2: Added filter static_user_filter (class=org.apache.hadoop.http.lib.StaticUserWebFilter$StaticUserFilter) to context hdfs
2015-04-28 14:27:18,377 INFO org.apache.hadoop.http.HttpServer2: Added filter static_user_filter (class=org.apache.hadoop.http.lib.StaticUserWebFilter$StaticUserFilter) to context static
2015-04-28 14:27:18,377 INFO org.apache.hadoop.http.HttpServer2: Added filter static_user_filter (class=org.apache.hadoop.http.lib.StaticUserWebFilter$StaticUserFilter) to context logs
2015-04-28 14:27:18,409 INFO org.apache.hadoop.http.HttpServer2: Added filter 'org.apache.hadoop.hdfs.web.AuthFilter' (class=org.apache.hadoop.hdfs.web.AuthFilter)
2015-04-28 14:27:18,411 INFO org.apache.hadoop.http.HttpServer2: addJerseyResourcePackage: packageName=org.apache.hadoop.hdfs.server.namenode.web.resources;org.apache.hadoop.hdfs.web.resources, pathSpec=/webhdfs/v1/*
2015-04-28 14:27:18,433 INFO org.apache.hadoop.http.HttpServer2: Jetty bound to port 50070
2015-04-28 14:27:18,433 INFO org.mortbay.log: jetty-6.1.26
2015-04-28 14:27:18,474 WARN org.mortbay.log: Can't reuse /tmp/Jetty_0_0_0_0_50070_hdfs____w2cu08, using /tmp/Jetty_0_0_0_0_50070_hdfs____w2cu08_5938125332217736116
2015-04-28 14:27:18,650 WARN org.apache.hadoop.security.authentication.server.AuthenticationFilter: 'signature.secret' configuration not set, using a random value as secret
2015-04-28 14:27:18,698 INFO org.mortbay.log: Started HttpServer2$SelectChannelConnectorWithSafeStartup@0.0.0.0:50070
2015-04-28 14:27:18,731 WARN org.apache.hadoop.hdfs.server.common.Util: Path /scratch/3793887/namenode_data should be specified as a URI in configuration files. Please update hdfs configuration.
2015-04-28 14:27:18,732 WARN org.apache.hadoop.hdfs.server.common.Util: Path /scratch/3793887/namenode_data should be specified as a URI in configuration files. Please update hdfs configuration.
2015-04-28 14:27:18,732 WARN org.apache.hadoop.hdfs.server.namenode.FSNamesystem: Only one image storage directory (dfs.namenode.name.dir) configured. Beware of data loss due to lack of redundant storage directories!
2015-04-28 14:27:18,732 WARN org.apache.hadoop.hdfs.server.namenode.FSNamesystem: Only one namespace edits storage directory (dfs.namenode.edits.dir) configured. Beware of data loss due to lack of redundant storage directories!
2015-04-28 14:27:18,738 WARN org.apache.hadoop.hdfs.server.common.Util: Path /scratch/3793887/namenode_data should be specified as a URI in configuration files. Please update hdfs configuration.
2015-04-28 14:27:18,739 WARN org.apache.hadoop.hdfs.server.common.Util: Path /scratch/3793887/namenode_data should be specified as a URI in configuration files. Please update hdfs configuration.
2015-04-28 14:27:18,777 INFO org.apache.hadoop.hdfs.server.namenode.FSNamesystem: fsLock is fair:true
2015-04-28 14:27:18,831 INFO org.apache.hadoop.hdfs.server.blockmanagement.DatanodeManager: dfs.block.invalidate.limit=1000
2015-04-28 14:27:18,831 INFO org.apache.hadoop.hdfs.server.blockmanagement.DatanodeManager: dfs.namenode.datanode.registration.ip-hostname-check=true
2015-04-28 14:27:18,834 INFO org.apache.hadoop.hdfs.server.blockmanagement.BlockManager: dfs.namenode.startup.delay.block.deletion.sec is set to 000:00:00:00.000
2015-04-28 14:27:18,835 INFO org.apache.hadoop.hdfs.server.blockmanagement.BlockManager: The block deletion will start around 2015 Apr 28 14:27:18
2015-04-28 14:27:18,837 INFO org.apache.hadoop.util.GSet: Computing capacity for map BlocksMap
2015-04-28 14:27:18,837 INFO org.apache.hadoop.util.GSet: VM type       = 64-bit
2015-04-28 14:27:18,839 INFO org.apache.hadoop.util.GSet: 2.0% max memory 888.9 MB = 17.8 MB
2015-04-28 14:27:18,839 INFO org.apache.hadoop.util.GSet: capacity      = 2^21 = 2097152 entries
2015-04-28 14:27:18,863 INFO org.apache.hadoop.hdfs.server.blockmanagement.BlockManager: dfs.block.access.token.enable=false
2015-04-28 14:27:18,864 INFO org.apache.hadoop.hdfs.server.blockmanagement.BlockManager: defaultReplication         = 3
2015-04-28 14:27:18,864 INFO org.apache.hadoop.hdfs.server.blockmanagement.BlockManager: maxReplication             = 512
2015-04-28 14:27:18,864 INFO org.apache.hadoop.hdfs.server.blockmanagement.BlockManager: minReplication             = 1
2015-04-28 14:27:18,864 INFO org.apache.hadoop.hdfs.server.blockmanagement.BlockManager: maxReplicationStreams      = 2
2015-04-28 14:27:18,864 INFO org.apache.hadoop.hdfs.server.blockmanagement.BlockManager: shouldCheckForEnoughRacks  = false
2015-04-28 14:27:18,864 INFO org.apache.hadoop.hdfs.server.blockmanagement.BlockManager: replicationRecheckInterval = 3000
2015-04-28 14:27:18,864 INFO org.apache.hadoop.hdfs.server.blockmanagement.BlockManager: encryptDataTransfer        = false
2015-04-28 14:27:18,864 INFO org.apache.hadoop.hdfs.server.blockmanagement.BlockManager: maxNumBlocksToLog          = 1000
2015-04-28 14:27:18,871 INFO org.apache.hadoop.hdfs.server.namenode.FSNamesystem: fsOwner             = vishwass (auth:SIMPLE)
2015-04-28 14:27:18,871 INFO org.apache.hadoop.hdfs.server.namenode.FSNamesystem: supergroup          = supergroup
2015-04-28 14:27:18,871 INFO org.apache.hadoop.hdfs.server.namenode.FSNamesystem: isPermissionEnabled = true
2015-04-28 14:27:18,871 INFO org.apache.hadoop.hdfs.server.namenode.FSNamesystem: HA Enabled: false
2015-04-28 14:27:18,873 INFO org.apache.hadoop.hdfs.server.namenode.FSNamesystem: Append Enabled: true
2015-04-28 14:27:19,066 INFO org.apache.hadoop.util.GSet: Computing capacity for map INodeMap
2015-04-28 14:27:19,066 INFO org.apache.hadoop.util.GSet: VM type       = 64-bit
2015-04-28 14:27:19,066 INFO org.apache.hadoop.util.GSet: 1.0% max memory 888.9 MB = 8.9 MB
2015-04-28 14:27:19,066 INFO org.apache.hadoop.util.GSet: capacity      = 2^20 = 1048576 entries
2015-04-28 14:27:19,067 INFO org.apache.hadoop.hdfs.server.namenode.NameNode: Caching file names occuring more than 10 times
2015-04-28 14:27:19,075 INFO org.apache.hadoop.util.GSet: Computing capacity for map cachedBlocks
2015-04-28 14:27:19,075 INFO org.apache.hadoop.util.GSet: VM type       = 64-bit
2015-04-28 14:27:19,075 INFO org.apache.hadoop.util.GSet: 0.25% max memory 888.9 MB = 2.2 MB
2015-04-28 14:27:19,075 INFO org.apache.hadoop.util.GSet: capacity      = 2^18 = 262144 entries
2015-04-28 14:27:19,077 INFO org.apache.hadoop.hdfs.server.namenode.FSNamesystem: dfs.namenode.safemode.threshold-pct = 0.9990000128746033
2015-04-28 14:27:19,077 INFO org.apache.hadoop.hdfs.server.namenode.FSNamesystem: dfs.namenode.safemode.min.datanodes = 0
2015-04-28 14:27:19,077 INFO org.apache.hadoop.hdfs.server.namenode.FSNamesystem: dfs.namenode.safemode.extension     = 30000
2015-04-28 14:27:19,078 INFO org.apache.hadoop.hdfs.server.namenode.FSNamesystem: Retry cache on namenode is enabled
2015-04-28 14:27:19,079 INFO org.apache.hadoop.hdfs.server.namenode.FSNamesystem: Retry cache will use 0.03 of total heap and retry cache entry expiry time is 600000 millis
2015-04-28 14:27:19,081 INFO org.apache.hadoop.util.GSet: Computing capacity for map NameNodeRetryCache
2015-04-28 14:27:19,081 INFO org.apache.hadoop.util.GSet: VM type       = 64-bit
2015-04-28 14:27:19,081 INFO org.apache.hadoop.util.GSet: 0.029999999329447746% max memory 888.9 MB = 273.1 KB
2015-04-28 14:27:19,081 INFO org.apache.hadoop.util.GSet: capacity      = 2^15 = 32768 entries
2015-04-28 14:27:19,086 INFO org.apache.hadoop.hdfs.server.namenode.NNConf: ACLs enabled? false
2015-04-28 14:27:19,086 INFO org.apache.hadoop.hdfs.server.namenode.NNConf: XAttrs enabled? true
2015-04-28 14:27:19,086 INFO org.apache.hadoop.hdfs.server.namenode.NNConf: Maximum size of an xattr: 16384
2015-04-28 14:27:19,132 INFO org.apache.hadoop.hdfs.server.common.Storage: Lock on /scratch/3793887/namenode_data/in_use.lock acquired by nodename 9701@d16n02.ccr.buffalo.edu
2015-04-28 14:27:19,219 INFO org.apache.hadoop.hdfs.server.namenode.FileJournalManager: Recovering unfinalized segments in /scratch/3793887/namenode_data/current
2015-04-28 14:27:19,219 INFO org.apache.hadoop.hdfs.server.namenode.FSImage: No edit log streams selected.
2015-04-28 14:27:19,269 INFO org.apache.hadoop.hdfs.server.namenode.FSImageFormatPBINode: Loading 1 INodes.
2015-04-28 14:27:19,306 INFO org.apache.hadoop.hdfs.server.namenode.FSImageFormatProtobuf: Loaded FSImage in 0 seconds.
2015-04-28 14:27:19,306 INFO org.apache.hadoop.hdfs.server.namenode.FSImage: Loaded image for txid 0 from /scratch/3793887/namenode_data/current/fsimage_0000000000000000000
2015-04-28 14:27:19,313 INFO org.apache.hadoop.hdfs.server.namenode.FSNamesystem: Need to save fs image? false (staleImage=false, haEnabled=false, isRollingUpgrade=false)
2015-04-28 14:27:19,313 INFO org.apache.hadoop.hdfs.server.namenode.FSEditLog: Starting log segment at 1
2015-04-28 14:27:19,474 INFO org.apache.hadoop.hdfs.server.namenode.NameCache: initialized with 0 entries 0 lookups
2015-04-28 14:27:19,475 INFO org.apache.hadoop.hdfs.server.namenode.FSNamesystem: Finished loading FSImage in 389 msecs
2015-04-28 14:27:19,681 INFO org.apache.hadoop.hdfs.server.namenode.NameNode: RPC server is binding to d16n02:54310
2015-04-28 14:27:19,689 INFO org.apache.hadoop.ipc.CallQueueManager: Using callQueue class java.util.concurrent.LinkedBlockingQueue
2015-04-28 14:27:19,708 INFO org.apache.hadoop.ipc.Server: Starting Socket Reader #1 for port 54310
2015-04-28 14:27:19,747 INFO org.apache.hadoop.hdfs.server.namenode.FSNamesystem: Registered FSNamesystemState MBean
2015-04-28 14:27:19,748 WARN org.apache.hadoop.hdfs.server.common.Util: Path /scratch/3793887/namenode_data should be specified as a URI in configuration files. Please update hdfs configuration.
2015-04-28 14:27:19,759 INFO org.apache.hadoop.hdfs.server.namenode.FSNamesystem: Number of blocks under construction: 0
2015-04-28 14:27:19,759 INFO org.apache.hadoop.hdfs.server.namenode.FSNamesystem: Number of blocks under construction: 0
2015-04-28 14:27:19,759 INFO org.apache.hadoop.hdfs.server.namenode.FSNamesystem: initializing replication queues
2015-04-28 14:27:19,760 INFO org.apache.hadoop.hdfs.StateChange: STATE* Leaving safe mode after 0 secs
2015-04-28 14:27:19,760 INFO org.apache.hadoop.hdfs.StateChange: STATE* Network topology has 0 racks and 0 datanodes
2015-04-28 14:27:19,760 INFO org.apache.hadoop.hdfs.StateChange: STATE* UnderReplicatedBlocks has 0 blocks
2015-04-28 14:27:19,769 INFO org.apache.hadoop.hdfs.server.blockmanagement.BlockManager: Total number of blocks            = 0
2015-04-28 14:27:19,769 INFO org.apache.hadoop.hdfs.server.blockmanagement.BlockManager: Number of invalid blocks          = 0
2015-04-28 14:27:19,769 INFO org.apache.hadoop.hdfs.server.blockmanagement.BlockManager: Number of under-replicated blocks = 0
2015-04-28 14:27:19,769 INFO org.apache.hadoop.hdfs.server.blockmanagement.BlockManager: Number of  over-replicated blocks = 0
2015-04-28 14:27:19,769 INFO org.apache.hadoop.hdfs.server.blockmanagement.BlockManager: Number of blocks being written    = 0
2015-04-28 14:27:19,769 INFO org.apache.hadoop.hdfs.StateChange: STATE* Replication Queue initialization scan for invalid, over- and under-replicated blocks completed in 9 msec
2015-04-28 14:27:19,801 INFO org.apache.hadoop.ipc.Server: IPC Server Responder: starting
2015-04-28 14:27:19,801 INFO org.apache.hadoop.ipc.Server: IPC Server listener on 54310: starting
2015-04-28 14:27:19,805 INFO org.apache.hadoop.hdfs.server.namenode.NameNode: NameNode RPC up at: d16n02/10.104.16.2:54310
2015-04-28 14:27:19,805 INFO org.apache.hadoop.hdfs.server.namenode.FSNamesystem: Starting services required for active state
2015-04-28 14:27:19,810 INFO org.apache.hadoop.hdfs.server.blockmanagement.CacheReplicationMonitor: Starting CacheReplicationMonitor with interval 30000 milliseconds
2015-04-28 14:27:19,810 INFO org.apache.hadoop.hdfs.server.blockmanagement.CacheReplicationMonitor: Rescanning because of pending operations
2015-04-28 14:27:19,811 INFO org.apache.hadoop.hdfs.server.blockmanagement.CacheReplicationMonitor: Scanned 0 directive(s) and 0 block(s) in 0 millisecond(s).
2015-04-28 14:27:25,180 INFO org.apache.hadoop.hdfs.StateChange: BLOCK* registerDatanode: from DatanodeRegistration(10.104.16.3, datanodeUuid=db3a8b9e-25b7-496e-bce8-3491de17c1f1, infoPort=50075, ipcPort=50020, storageInfo=lv=-55;cid=CID-56208e8c-e12e-4b69-b612-6e24edf47328;nsid=879310020;c=0) storage db3a8b9e-25b7-496e-bce8-3491de17c1f1
2015-04-28 14:27:25,185 INFO org.apache.hadoop.net.NetworkTopology: Adding a new node: /default-rack/10.104.16.3:50010
2015-04-28 14:27:25,263 INFO org.apache.hadoop.hdfs.server.blockmanagement.DatanodeDescriptor: Adding new storage ID DS-154e4135-9557-4bb7-863b-9a33345fee13 for DN 10.104.16.3:50010
2015-04-28 14:27:25,288 INFO org.apache.hadoop.hdfs.StateChange: BLOCK* registerDatanode: from DatanodeRegistration(10.104.16.2, datanodeUuid=dd814f7d-711b-4257-a1c4-66a9eaef71df, infoPort=50075, ipcPort=50020, storageInfo=lv=-55;cid=CID-56208e8c-e12e-4b69-b612-6e24edf47328;nsid=879310020;c=0) storage dd814f7d-711b-4257-a1c4-66a9eaef71df
2015-04-28 14:27:25,289 INFO org.apache.hadoop.net.NetworkTopology: Adding a new node: /default-rack/10.104.16.2:50010
2015-04-28 14:27:25,303 INFO org.apache.hadoop.hdfs.server.blockmanagement.BlockManager: BLOCK* processReport: Received first block report from DatanodeStorage[DS-154e4135-9557-4bb7-863b-9a33345fee13,DISK,NORMAL] after starting up or becoming active. Its block contents are no longer considered stale
2015-04-28 14:27:25,303 INFO BlockStateChange: BLOCK* processReport: from storage DS-154e4135-9557-4bb7-863b-9a33345fee13 node DatanodeRegistration(10.104.16.3, datanodeUuid=db3a8b9e-25b7-496e-bce8-3491de17c1f1, infoPort=50075, ipcPort=50020, storageInfo=lv=-55;cid=CID-56208e8c-e12e-4b69-b612-6e24edf47328;nsid=879310020;c=0), blocks: 0, hasStaleStorages: false, processing time: 2 msecs
2015-04-28 14:27:25,325 INFO org.apache.hadoop.hdfs.server.blockmanagement.DatanodeDescriptor: Adding new storage ID DS-2d2f1b6a-ea57-4b61-ac3e-2f8dd16b4195 for DN 10.104.16.2:50010
2015-04-28 14:27:25,344 INFO org.apache.hadoop.hdfs.server.blockmanagement.BlockManager: BLOCK* processReport: Received first block report from DatanodeStorage[DS-2d2f1b6a-ea57-4b61-ac3e-2f8dd16b4195,DISK,NORMAL] after starting up or becoming active. Its block contents are no longer considered stale
2015-04-28 14:27:25,345 INFO BlockStateChange: BLOCK* processReport: from storage DS-2d2f1b6a-ea57-4b61-ac3e-2f8dd16b4195 node DatanodeRegistration(10.104.16.2, datanodeUuid=dd814f7d-711b-4257-a1c4-66a9eaef71df, infoPort=50075, ipcPort=50020, storageInfo=lv=-55;cid=CID-56208e8c-e12e-4b69-b612-6e24edf47328;nsid=879310020;c=0), blocks: 0, hasStaleStorages: false, processing time: 1 msecs
2015-04-28 14:27:49,811 INFO org.apache.hadoop.hdfs.server.blockmanagement.CacheReplicationMonitor: Rescanning after 30000 milliseconds
2015-04-28 14:27:49,811 INFO org.apache.hadoop.hdfs.server.blockmanagement.CacheReplicationMonitor: Scanned 0 directive(s) and 0 block(s) in 1 millisecond(s).
2015-04-28 14:28:07,551 ERROR org.apache.hadoop.hdfs.server.namenode.NameNode: RECEIVED SIGNAL 15: SIGTERM
2015-04-28 14:28:07,553 INFO org.apache.hadoop.hdfs.server.namenode.NameNode: SHUTDOWN_MSG: 
/************************************************************
SHUTDOWN_MSG: Shutting down NameNode at d16n02.ccr.buffalo.edu/10.104.16.2
************************************************************/
